2019/04/11 18:51:17 [error] 7#7: *39 upstream timed out (110: Operation timed out) while reading response header from upstream, client: 172.25.0.1, server: frontend.dev, request: "GET /credit HTTP/1.1", upstream: "fastcgi://172.25.0.3:9000", host: "localhost:4444", referrer: "http://localhost:4444/profile"
2019/04/18 00:06:56 [error] 6#6: *553 FastCGI sent in stderr: "Unable to open primary script: /var/www/html/web/swapsy/frontend/web/your-page.php (No such file or directory)" while reading response header from upstream, client: 172.20.0.1, server: frontend.dev, request: "POST /your-page.php HTTP/1.1", upstream: "fastcgi://172.20.0.3:9000", host: "localhost:4444", referrer: "http://localhost:4444/test"
2019/04/18 17:24:35 [error] 6#6: *650 upstream timed out (110: Operation timed out) while reading response header from upstream, client: 172.20.0.1, server: frontend.dev, request: "GET /test/index2 HTTP/1.1", upstream: "fastcgi://172.20.0.3:9000", host: "localhost:4444"
2019/04/18 17:41:26 [error] 6#6: *656 upstream timed out (110: Operation timed out) while reading response header from upstream, client: 172.20.0.1, server: frontend.dev, request: "GET /test/index2 HTTP/1.1", upstream: "fastcgi://172.20.0.3:9000", host: "localhost:4444"
2019/04/18 17:44:56 [error] 6#6: *659 upstream timed out (110: Operation timed out) while reading response header from upstream, client: 172.20.0.1, server: frontend.dev, request: "GET /test/index2 HTTP/1.1", upstream: "fastcgi://172.20.0.3:9000", host: "localhost:4444"
2019/04/18 17:52:33 [error] 6#6: *668 FastCGI sent in stderr: "Unable to open primary script: /var/www/html/web/swapsy/frontend/web/test/test2.php (No such file or directory)" while reading response header from upstream, client: 172.20.0.1, server: frontend.dev, request: "POST /test/test2.php HTTP/1.1", upstream: "fastcgi://172.20.0.3:9000", host: "localhost:4444", referrer: "http://localhost:4444/test/index2"
2019/04/18 17:52:37 [error] 6#6: *668 FastCGI sent in stderr: "Unable to open primary script: /var/www/html/web/swapsy/frontend/web/test/test2.php (No such file or directory)" while reading response header from upstream, client: 172.20.0.1, server: frontend.dev, request: "POST /test/test2.php HTTP/1.1", upstream: "fastcgi://172.20.0.3:9000", host: "localhost:4444", referrer: "http://localhost:4444/test/index2"
2019/04/18 18:01:41 [error] 6#6: *711 upstream timed out (110: Operation timed out) while reading response header from upstream, client: 172.20.0.1, server: frontend.dev, request: "GET /test/index2 HTTP/1.1", upstream: "fastcgi://172.20.0.3:9000", host: "localhost:4444"
2019/04/18 18:10:30 [error] 6#6: *716 upstream timed out (110: Operation timed out) while reading response header from upstream, client: 172.20.0.1, server: frontend.dev, request: "GET /test/index2 HTTP/1.1", upstream: "fastcgi://172.20.0.3:9000", host: "localhost:4444"
2019/04/18 18:44:29 [error] 6#6: *737 upstream timed out (110: Operation timed out) while reading response header from upstream, client: 172.20.0.1, server: frontend.dev, request: "GET /test/index2 HTTP/1.1", upstream: "fastcgi://172.20.0.3:9000", host: "localhost:4444"
2019/04/18 19:11:52 [error] 6#6: *774 upstream timed out (110: Operation timed out) while reading response header from upstream, client: 172.20.0.1, server: frontend.dev, request: "GET /test/index2 HTTP/1.1", upstream: "fastcgi://172.20.0.3:9000", host: "localhost:4444"
2019/04/18 19:55:48 [error] 6#6: *815 FastCGI sent in stderr: "Unable to open primary script: /var/www/html/web/swapsy/frontend/web/your-page.php (No such file or directory)" while reading response header from upstream, client: 172.20.0.1, server: frontend.dev, request: "POST /your-page.php HTTP/1.1", upstream: "fastcgi://172.20.0.3:9000", host: "localhost:4444", referrer: "http://localhost:4444/test/index"
2019/04/18 19:57:14 [error] 6#6: *818 FastCGI sent in stderr: "Unable to open primary script: /var/www/html/web/swapsy/frontend/web/your-page.php (No such file or directory)" while reading response header from upstream, client: 172.20.0.1, server: frontend.dev, request: "POST /your-page.php HTTP/1.1", upstream: "fastcgi://172.20.0.3:9000", host: "localhost:4444", referrer: "http://localhost:4444/test/index"
2019/04/18 19:58:47 [error] 6#6: *818 FastCGI sent in stderr: "PHP message: An Error occurred while handling another error:
yii\web\HeadersAlreadySentException: Headers already sent in /var/www/html/web/swapsy/frontend/controllers/TestController.php on line 21. in /var/www/html/web/swapsy/vendor/yiisoft/yii2/web/Response.php:366
Stack trace:
#0 /var/www/html/web/swapsy/vendor/yiisoft/yii2/web/Response.php(339): yii\web\Response->sendHeaders()
#1 /var/www/html/web/swapsy/vendor/yiisoft/yii2/web/ErrorHandler.php(135): yii\web\Response->send()
#2 /var/www/html/web/swapsy/vendor/yiisoft/yii2/base/ErrorHandler.php(111): yii\web\ErrorHandler->renderException(Object(yii\web\HeadersAlreadySentException))
#3 [internal function]: yii\base\ErrorHandler->handleException(Object(yii\web\HeadersAlreadySentException))
#4 {main}
Previous exception:
yii\web\HeadersAlreadySentException: Headers already sent in /var/www/html/web/swapsy/frontend/controllers/TestController.php on line 21. in /var/www/html/web/swapsy/vendor/yiisoft/yii2/web/Response.php:366
Stack trace:
#0 /var/www/html/web/swapsy/vendor/yiisoft/yii2/web/Response.php(339): yii\web\Response->sendHeaders()
#1 /var/www/html/web/swapsy/vendor/yiisoft/yii2/base/Application.php(392): yii\web\Response->send()
#2 /var/www/html/web/swapsy/frontend/web/index.php(17): yii\base\Application->run()
#3 {main}
$_SERVER = [
    'PHP_EXTRA_CONFIGURE_ARGS' => '--enable-fpm --with-fpm-user=www-data --with-fpm-group=www-data --disable-cgi',
    'PHP_EXTENSION_XDEBUG' => '1',
    'HOSTNAME' => 'f4551ea24c30',
    'PHP_INI_DIR' => '/usr/local/etc/php',
    'XDEBUG_VERSION' => '2.7.0',
    'SHLVL' => '1',
    'HOME' => '/home/www-data',
    'XDEBUG_CONFIG' => 'remote_enable=1 remote_host=192.168.0.3 remote_port=9001 remote_connect_back=0 remote_autostart=1 var_display_max_data=1024 var_display_max_depth=5',
    'PHP_IDE_CONFIG' => 'serverName=dock-debug-server',
    'PHP_LDFLAGS' => '-Wl,-O1 -Wl,--hash-style=both -pie',
    'PHP_CFLAGS' => '-fstack-protector-strong -fpic -fpie -O2',
    'PHP
2019/04/18 19:58:47 [error] 6#6: *818 FastCGI sent in stderr: "et/get/php-7.3.3.tar.xz/from/this/mirror',
    'PATH' => '/usr/local/sbin:/usr/local/bin:/usr/sbin:/usr/bin:/sbin:/bin',
    'PHPIZE_DEPS' => 'autoconf 		dpkg-dev dpkg 		file 		g++ 		gcc 		libc-dev 		make 		pkgconf 		re2c',
    'PWD' => '/var/www/html/web/swapsy',
    'PHP_SHA256' => '6bb03e79a183d0cb059a6d117bbb2e0679cab667fb713a13c6a16f56bebab9b3',
    'USER' => 'www-data',
    'HTTP_COOKIE' => '_backendUser=87f897494f6fd3aef367e267ada0b0c642d37b4b83b3c8bf8620e46143ff9a84a%3A2%3A%7Bi%3A0%3Bs%3A12%3A%22_backendUser%22%3Bi%3A1%3Bs%3A46%3A%22%5B3%2C%22RWOuA6DzqYil-PCt4d4e2FyoB42VnjQ6%22%2C2592000%5D%22%3B%7D; is_read_credit_about=aa329a0fa98af365c1c13571d29e92849e7d69499df168e9ffd252270258456fa%3A2%3A%7Bi%3A0%3Bs%3A20%3A%22is_read_credit_about%22%3Bi%3A1%3Bb%3A1%3B%7D; XDEBUG_SESSION=XDEBUG_ECLIPSE; locale=51a67f2c1f1f61b9a3b9e4a672d54f0e5bd6d78007dfc35944e01e94f5e50c14a%3A2%3A%7Bi%3A0%3Bs%3A6%3A%22locale%22%3Bi%3A1%3Bs%3A5%3A%22en-US%22%3B%7D; USYNOBACKSESSID=5c9f0976778a07336ba05e5f9939d453; _backendCSRF=321667070cb9bfa17cd7561728b496b8347878cec28e19e106eaa1903a073c87a%3A2%3A%7Bi%3A0%3Bs%3A12%3A%22_backendCSRF%22%3Bi%3A1%3Bs%3A32%3A%22psRN11wKNRtJAu4qpXb-yRMgFkclF2Oh%22%3B%7D; SessionSwapsyFrontend=2d557db0f05af43461d47d080ed4cec6; _frontendCSRF=8f3a016352e60941076d302fd37dad0bf471ec8eac9e81656bac701d85fb7208a%3A2%3A%7Bi%3A0%3Bs%3A13%3A%22_frontendCSRF%22%3Bi%3A1%3Bs%3A32%3A%22_8wPd_m-P4H0TPA14ndPFCiT_-rFxVty%22%3B%7D',
    'HTTP_ACCEPT_LANGUAGE' => 'en-US,en;q=0.9,zh-CN;q=0.8,zh;q=0.7,mt;q=0.6,cy;q=0.5,la;q=0.4,de;q=0.3',
    'HTTP_ACCEPT_ENCODING' => 'gzip, deflate, br',
    'HTTP_ACCEPT' => 'text/html,application/xhtml+xml,application/xml;q=0.9,image/webp,image/apng,*/*;q=0.8,application/signed-exchange;v=b3',
    'HTTP_USER_AGENT' => 'Mozilla/5.0 (Macintosh; Intel Mac OS X 10_14_5) AppleWebKit/537.36 (KHTML, like Gecko) Chrome/73.0.3683.103 Safari/537.36',
    'HTTP_UPGRADE_INSECURE_REQUESTS' => '1',
    'HTTP_CONNECTION' => 'keep-alive',
    'H
2019/04/18 21:00:12 [error] 6#6: *921 upstream timed out (110: Operation timed out) while reading response header from upstream, client: 172.20.0.1, server: frontend.dev, request: "GET /test/index3 HTTP/1.1", upstream: "fastcgi://172.20.0.3:9000", host: "localhost:4444"
2019/04/20 18:52:18 [error] 6#6: *1593 FastCGI sent in stderr: "PHP message: An Error occurred while handling another error:
yii\web\HeadersAlreadySentException: Headers already sent in /var/www/html/web/swapsy/frontend/controllers/TestController.php on line 40. in /var/www/html/web/swapsy/vendor/yiisoft/yii2/web/Response.php:366
Stack trace:
#0 /var/www/html/web/swapsy/vendor/yiisoft/yii2/web/Response.php(339): yii\web\Response->sendHeaders()
#1 /var/www/html/web/swapsy/vendor/yiisoft/yii2/web/ErrorHandler.php(135): yii\web\Response->send()
#2 /var/www/html/web/swapsy/vendor/yiisoft/yii2/base/ErrorHandler.php(111): yii\web\ErrorHandler->renderException(Object(yii\web\HeadersAlreadySentException))
#3 [internal function]: yii\base\ErrorHandler->handleException(Object(yii\web\HeadersAlreadySentException))
#4 {main}
Previous exception:
yii\web\HeadersAlreadySentException: Headers already sent in /var/www/html/web/swapsy/frontend/controllers/TestController.php on line 40. in /var/www/html/web/swapsy/vendor/yiisoft/yii2/web/Response.php:366
Stack trace:
#0 /var/www/html/web/swapsy/vendor/yiisoft/yii2/web/Response.php(339): yii\web\Response->sendHeaders()
#1 /var/www/html/web/swapsy/vendor/yiisoft/yii2/base/Application.php(392): yii\web\Response->send()
#2 /var/www/html/web/swapsy/frontend/web/index.php(17): yii\base\Application->run()
#3 {main}
$_SERVER = [
    'PHP_EXTRA_CONFIGURE_ARGS' => '--enable-fpm --with-fpm-user=www-data --with-fpm-group=www-data --disable-cgi',
    'PHP_EXTENSION_XDEBUG' => '1',
    'HOSTNAME' => 'f4551ea24c30',
    'PHP_INI_DIR' => '/usr/local/etc/php',
    'XDEBUG_VERSION' => '2.7.0',
    'SHLVL' => '1',
    'HOME' => '/home/www-data',
    'XDEBUG_CONFIG' => 'remote_enable=1 remote_host=192.168.0.3 remote_port=9001 remote_connect_back=0 remote_autostart=1 var_display_max_data=1024 var_display_max_depth=5',
    'PHP_IDE_CONFIG' => 'serverName=dock-debug-server',
    'PHP_LDFLAGS' => '-Wl,-O1 -Wl,--hash-style=both -pie',
    'PHP_CFLAGS' => '-fstack-protector-strong -fpic -fpie -O2',
    'PH
2019/04/20 18:52:18 [error] 6#6: *1593 FastCGI sent in stderr: "',
    'PATH' => '/usr/local/sbin:/usr/local/bin:/usr/sbin:/usr/bin:/sbin:/bin',
    'PHPIZE_DEPS' => 'autoconf 		dpkg-dev dpkg 		file 		g++ 		gcc 		libc-dev 		make 		pkgconf 		re2c',
    'PWD' => '/var/www/html/web/swapsy',
    'PHP_SHA256' => '6bb03e79a183d0cb059a6d117bbb2e0679cab667fb713a13c6a16f56bebab9b3',
    'USER' => 'www-data',
    'HTTP_COOKIE' => '_backendUser=87f897494f6fd3aef367e267ada0b0c642d37b4b83b3c8bf8620e46143ff9a84a%3A2%3A%7Bi%3A0%3Bs%3A12%3A%22_backendUser%22%3Bi%3A1%3Bs%3A46%3A%22%5B3%2C%22RWOuA6DzqYil-PCt4d4e2FyoB42VnjQ6%22%2C2592000%5D%22%3B%7D; is_read_credit_about=aa329a0fa98af365c1c13571d29e92849e7d69499df168e9ffd252270258456fa%3A2%3A%7Bi%3A0%3Bs%3A20%3A%22is_read_credit_about%22%3Bi%3A1%3Bb%3A1%3B%7D; XDEBUG_SESSION=XDEBUG_ECLIPSE; locale=51a67f2c1f1f61b9a3b9e4a672d54f0e5bd6d78007dfc35944e01e94f5e50c14a%3A2%3A%7Bi%3A0%3Bs%3A6%3A%22locale%22%3Bi%3A1%3Bs%3A5%3A%22en-US%22%3B%7D; USYNOBACKSESSID=5c9f0976778a07336ba05e5f9939d453; _backendCSRF=321667070cb9bfa17cd7561728b496b8347878cec28e19e106eaa1903a073c87a%3A2%3A%7Bi%3A0%3Bs%3A12%3A%22_backendCSRF%22%3Bi%3A1%3Bs%3A32%3A%22psRN11wKNRtJAu4qpXb-yRMgFkclF2Oh%22%3B%7D; SessionSwapsyFrontend=216e32273d3419d8d1456363e9fc141d; _frontendCSRF=525ef244538471aa1e3b95f79da5ad6e816a593016c56b82e8993c4a48ebd124a%3A2%3A%7Bi%3A0%3Bs%3A13%3A%22_frontendCSRF%22%3Bi%3A1%3Bs%3A32%3A%22tsiDhnX8yU2DLHLbT2TI8lNI_GcW7rL9%22%3B%7D',
    'HTTP_ACCEPT_LANGUAGE' => 'en-US,en;q=0.9,zh-CN;q=0.8,zh;q=0.7,mt;q=0.6,cy;q=0.5,la;q=0.4,de;q=0.3',
    'HTTP_ACCEPT_ENCODING' => 'gzip, deflate, br',
    'HTTP_ACCEPT' => 'text/html,application/xhtml+xml,application/xml;q=0.9,image/webp,image/apng,*/*;q=0.8,application/signed-exchange;v=b3',
    'HTTP_USER_AGENT' => 'Mozilla/5.0 (Macintosh; Intel Mac OS X 10_14_5) AppleWebKit/537.36 (KHTML, like Gecko) Chrome/73.0.3683.103 Safari/537.36',
    'HTTP_UPGRADE_INSECURE_REQUESTS' => '1',
    'HTTP_CONNECTION' => 'keep-alive',
    'HTTP_HOST' => 'localhost:4444',
    'RED
2019/04/20 18:53:03 [error] 6#6: *1593 FastCGI sent in stderr: "PHP message: An Error occurred while handling another error:
yii\web\HeadersAlreadySentException: Headers already sent in /var/www/html/web/swapsy/frontend/controllers/TestController.php on line 40. in /var/www/html/web/swapsy/vendor/yiisoft/yii2/web/Response.php:366
Stack trace:
#0 /var/www/html/web/swapsy/vendor/yiisoft/yii2/web/Response.php(339): yii\web\Response->sendHeaders()
#1 /var/www/html/web/swapsy/vendor/yiisoft/yii2/web/ErrorHandler.php(135): yii\web\Response->send()
#2 /var/www/html/web/swapsy/vendor/yiisoft/yii2/base/ErrorHandler.php(111): yii\web\ErrorHandler->renderException(Object(yii\web\HeadersAlreadySentException))
#3 [internal function]: yii\base\ErrorHandler->handleException(Object(yii\web\HeadersAlreadySentException))
#4 {main}
Previous exception:
yii\web\HeadersAlreadySentException: Headers already sent in /var/www/html/web/swapsy/frontend/controllers/TestController.php on line 40. in /var/www/html/web/swapsy/vendor/yiisoft/yii2/web/Response.php:366
Stack trace:
#0 /var/www/html/web/swapsy/vendor/yiisoft/yii2/web/Response.php(339): yii\web\Response->sendHeaders()
#1 /var/www/html/web/swapsy/vendor/yiisoft/yii2/base/Application.php(392): yii\web\Response->send()
#2 /var/www/html/web/swapsy/frontend/web/index.php(17): yii\base\Application->run()
#3 {main}
$_SERVER = [
    'PHP_EXTRA_CONFIGURE_ARGS' => '--enable-fpm --with-fpm-user=www-data --with-fpm-group=www-data --disable-cgi',
    'PHP_EXTENSION_XDEBUG' => '1',
    'HOSTNAME' => 'f4551ea24c30',
    'PHP_INI_DIR' => '/usr/local/etc/php',
    'XDEBUG_VERSION' => '2.7.0',
    'SHLVL' => '1',
    'HOME' => '/home/www-data',
    'XDEBUG_CONFIG' => 'remote_enable=1 remote_host=192.168.0.3 remote_port=9001 remote_connect_back=0 remote_autostart=1 var_display_max_data=1024 var_display_max_depth=5',
    'PHP_IDE_CONFIG' => 'serverName=dock-debug-server',
    'PHP_LDFLAGS' => '-Wl,-O1 -Wl,--hash-style=both -pie',
    'PHP_CFLAGS' => '-fstack-protector-strong -fpic -fpie -O2',
    'PH
2019/04/20 18:53:03 [error] 6#6: *1593 FastCGI sent in stderr: "re.php.net/get/php-7.3.3.tar.xz/from/this/mirror',
    'PATH' => '/usr/local/sbin:/usr/local/bin:/usr/sbin:/usr/bin:/sbin:/bin',
    'PHPIZE_DEPS' => 'autoconf 		dpkg-dev dpkg 		file 		g++ 		gcc 		libc-dev 		make 		pkgconf 		re2c',
    'PWD' => '/var/www/html/web/swapsy',
    'PHP_SHA256' => '6bb03e79a183d0cb059a6d117bbb2e0679cab667fb713a13c6a16f56bebab9b3',
    'USER' => 'www-data',
    'HTTP_COOKIE' => '_backendUser=87f897494f6fd3aef367e267ada0b0c642d37b4b83b3c8bf8620e46143ff9a84a%3A2%3A%7Bi%3A0%3Bs%3A12%3A%22_backendUser%22%3Bi%3A1%3Bs%3A46%3A%22%5B3%2C%22RWOuA6DzqYil-PCt4d4e2FyoB42VnjQ6%22%2C2592000%5D%22%3B%7D; is_read_credit_about=aa329a0fa98af365c1c13571d29e92849e7d69499df168e9ffd252270258456fa%3A2%3A%7Bi%3A0%3Bs%3A20%3A%22is_read_credit_about%22%3Bi%3A1%3Bb%3A1%3B%7D; XDEBUG_SESSION=XDEBUG_ECLIPSE; locale=51a67f2c1f1f61b9a3b9e4a672d54f0e5bd6d78007dfc35944e01e94f5e50c14a%3A2%3A%7Bi%3A0%3Bs%3A6%3A%22locale%22%3Bi%3A1%3Bs%3A5%3A%22en-US%22%3B%7D; USYNOBACKSESSID=5c9f0976778a07336ba05e5f9939d453; _backendCSRF=321667070cb9bfa17cd7561728b496b8347878cec28e19e106eaa1903a073c87a%3A2%3A%7Bi%3A0%3Bs%3A12%3A%22_backendCSRF%22%3Bi%3A1%3Bs%3A32%3A%22psRN11wKNRtJAu4qpXb-yRMgFkclF2Oh%22%3B%7D; SessionSwapsyFrontend=216e32273d3419d8d1456363e9fc141d; _frontendCSRF=525ef244538471aa1e3b95f79da5ad6e816a593016c56b82e8993c4a48ebd124a%3A2%3A%7Bi%3A0%3Bs%3A13%3A%22_frontendCSRF%22%3Bi%3A1%3Bs%3A32%3A%22tsiDhnX8yU2DLHLbT2TI8lNI_GcW7rL9%22%3B%7D',
    'HTTP_ACCEPT_LANGUAGE' => 'en-US,en;q=0.9,zh-CN;q=0.8,zh;q=0.7,mt;q=0.6,cy;q=0.5,la;q=0.4,de;q=0.3',
    'HTTP_ACCEPT_ENCODING' => 'gzip, deflate, br',
    'HTTP_REFERER' => 'http://localhost:4444/test/index2',
    'HTTP_ACCEPT' => 'text/html,application/xhtml+xml,application/xml;q=0.9,image/webp,image/apng,*/*;q=0.8,application/signed-exchange;v=b3',
    'HTTP_USER_AGENT' => 'Mozilla/5.0 (Macintosh; Intel Mac OS X 10_14_5) AppleWebKit/537.36 (KHTML, like Gecko) Chrome/73.0.3683.103 Safari/537.36',
    'HTTP_UPGRADE_INSE
2019/04/20 18:53:06 [error] 6#6: *1593 FastCGI sent in stderr: "PHP message: An Error occurred while handling another error:
yii\web\HeadersAlreadySentException: Headers already sent in /var/www/html/web/swapsy/frontend/controllers/TestController.php on line 40. in /var/www/html/web/swapsy/vendor/yiisoft/yii2/web/Response.php:366
Stack trace:
#0 /var/www/html/web/swapsy/vendor/yiisoft/yii2/web/Response.php(339): yii\web\Response->sendHeaders()
#1 /var/www/html/web/swapsy/vendor/yiisoft/yii2/web/ErrorHandler.php(135): yii\web\Response->send()
#2 /var/www/html/web/swapsy/vendor/yiisoft/yii2/base/ErrorHandler.php(111): yii\web\ErrorHandler->renderException(Object(yii\web\HeadersAlreadySentException))
#3 [internal function]: yii\base\ErrorHandler->handleException(Object(yii\web\HeadersAlreadySentException))
#4 {main}
Previous exception:
yii\web\HeadersAlreadySentException: Headers already sent in /var/www/html/web/swapsy/frontend/controllers/TestController.php on line 40. in /var/www/html/web/swapsy/vendor/yiisoft/yii2/web/Response.php:366
Stack trace:
#0 /var/www/html/web/swapsy/vendor/yiisoft/yii2/web/Response.php(339): yii\web\Response->sendHeaders()
#1 /var/www/html/web/swapsy/vendor/yiisoft/yii2/base/Application.php(392): yii\web\Response->send()
#2 /var/www/html/web/swapsy/frontend/web/index.php(17): yii\base\Application->run()
#3 {main}
$_SERVER = [
    'PHP_EXTRA_CONFIGURE_ARGS' => '--enable-fpm --with-fpm-user=www-data --with-fpm-group=www-data --disable-cgi',
    'PHP_EXTENSION_XDEBUG' => '1',
    'HOSTNAME' => 'f4551ea24c30',
    'PHP_INI_DIR' => '/usr/local/etc/php',
    'XDEBUG_VERSION' => '2.7.0',
    'SHLVL' => '1',
    'HOME' => '/home/www-data',
    'XDEBUG_CONFIG' => 'remote_enable=1 remote_host=192.168.0.3 remote_port=9001 remote_connect_back=0 remote_autostart=1 var_display_max_data=1024 var_display_max_depth=5',
    'PHP_IDE_CONFIG' => 'serverName=dock-debug-server',
    'PHP_LDFLAGS' => '-Wl,-O1 -Wl,--hash-style=both -pie',
    'PHP_CFLAGS' => '-fstack-protector-strong -fpic -fpie -O2',
    'PH
2019/04/20 18:53:06 [error] 6#6: *1593 FastCGI sent in stderr: "re.php.net/get/php-7.3.3.tar.xz/from/this/mirror',
    'PATH' => '/usr/local/sbin:/usr/local/bin:/usr/sbin:/usr/bin:/sbin:/bin',
    'PHPIZE_DEPS' => 'autoconf 		dpkg-dev dpkg 		file 		g++ 		gcc 		libc-dev 		make 		pkgconf 		re2c',
    'PWD' => '/var/www/html/web/swapsy',
    'PHP_SHA256' => '6bb03e79a183d0cb059a6d117bbb2e0679cab667fb713a13c6a16f56bebab9b3',
    'USER' => 'www-data',
    'HTTP_COOKIE' => '_backendUser=87f897494f6fd3aef367e267ada0b0c642d37b4b83b3c8bf8620e46143ff9a84a%3A2%3A%7Bi%3A0%3Bs%3A12%3A%22_backendUser%22%3Bi%3A1%3Bs%3A46%3A%22%5B3%2C%22RWOuA6DzqYil-PCt4d4e2FyoB42VnjQ6%22%2C2592000%5D%22%3B%7D; is_read_credit_about=aa329a0fa98af365c1c13571d29e92849e7d69499df168e9ffd252270258456fa%3A2%3A%7Bi%3A0%3Bs%3A20%3A%22is_read_credit_about%22%3Bi%3A1%3Bb%3A1%3B%7D; XDEBUG_SESSION=XDEBUG_ECLIPSE; locale=51a67f2c1f1f61b9a3b9e4a672d54f0e5bd6d78007dfc35944e01e94f5e50c14a%3A2%3A%7Bi%3A0%3Bs%3A6%3A%22locale%22%3Bi%3A1%3Bs%3A5%3A%22en-US%22%3B%7D; USYNOBACKSESSID=5c9f0976778a07336ba05e5f9939d453; _backendCSRF=321667070cb9bfa17cd7561728b496b8347878cec28e19e106eaa1903a073c87a%3A2%3A%7Bi%3A0%3Bs%3A12%3A%22_backendCSRF%22%3Bi%3A1%3Bs%3A32%3A%22psRN11wKNRtJAu4qpXb-yRMgFkclF2Oh%22%3B%7D; SessionSwapsyFrontend=216e32273d3419d8d1456363e9fc141d; _frontendCSRF=525ef244538471aa1e3b95f79da5ad6e816a593016c56b82e8993c4a48ebd124a%3A2%3A%7Bi%3A0%3Bs%3A13%3A%22_frontendCSRF%22%3Bi%3A1%3Bs%3A32%3A%22tsiDhnX8yU2DLHLbT2TI8lNI_GcW7rL9%22%3B%7D',
    'HTTP_ACCEPT_LANGUAGE' => 'en-US,en;q=0.9,zh-CN;q=0.8,zh;q=0.7,mt;q=0.6,cy;q=0.5,la;q=0.4,de;q=0.3',
    'HTTP_ACCEPT_ENCODING' => 'gzip, deflate, br',
    'HTTP_REFERER' => 'http://localhost:4444/test/index2',
    'HTTP_ACCEPT' => 'text/html,application/xhtml+xml,application/xml;q=0.9,image/webp,image/apng,*/*;q=0.8,application/signed-exchange;v=b3',
    'HTTP_USER_AGENT' => 'Mozilla/5.0 (Macintosh; Intel Mac OS X 10_14_5) AppleWebKit/537.36 (KHTML, like Gecko) Chrome/73.0.3683.103 Safari/537.36',
    'HTTP_UPGRADE_INSE
2019/04/20 18:53:16 [error] 6#6: *1593 FastCGI sent in stderr: "PHP message: An Error occurred while handling another error:
yii\web\HeadersAlreadySentException: Headers already sent in /var/www/html/web/swapsy/frontend/controllers/TestController.php on line 40. in /var/www/html/web/swapsy/vendor/yiisoft/yii2/web/Response.php:366
Stack trace:
#0 /var/www/html/web/swapsy/vendor/yiisoft/yii2/web/Response.php(339): yii\web\Response->sendHeaders()
#1 /var/www/html/web/swapsy/vendor/yiisoft/yii2/web/ErrorHandler.php(135): yii\web\Response->send()
#2 /var/www/html/web/swapsy/vendor/yiisoft/yii2/base/ErrorHandler.php(111): yii\web\ErrorHandler->renderException(Object(yii\web\HeadersAlreadySentException))
#3 [internal function]: yii\base\ErrorHandler->handleException(Object(yii\web\HeadersAlreadySentException))
#4 {main}
Previous exception:
yii\web\HeadersAlreadySentException: Headers already sent in /var/www/html/web/swapsy/frontend/controllers/TestController.php on line 40. in /var/www/html/web/swapsy/vendor/yiisoft/yii2/web/Response.php:366
Stack trace:
#0 /var/www/html/web/swapsy/vendor/yiisoft/yii2/web/Response.php(339): yii\web\Response->sendHeaders()
#1 /var/www/html/web/swapsy/vendor/yiisoft/yii2/base/Application.php(392): yii\web\Response->send()
#2 /var/www/html/web/swapsy/frontend/web/index.php(17): yii\base\Application->run()
#3 {main}
$_SERVER = [
    'PHP_EXTRA_CONFIGURE_ARGS' => '--enable-fpm --with-fpm-user=www-data --with-fpm-group=www-data --disable-cgi',
    'PHP_EXTENSION_XDEBUG' => '1',
    'HOSTNAME' => 'f4551ea24c30',
    'PHP_INI_DIR' => '/usr/local/etc/php',
    'XDEBUG_VERSION' => '2.7.0',
    'SHLVL' => '1',
    'HOME' => '/home/www-data',
    'XDEBUG_CONFIG' => 'remote_enable=1 remote_host=192.168.0.3 remote_port=9001 remote_connect_back=0 remote_autostart=1 var_display_max_data=1024 var_display_max_depth=5',
    'PHP_IDE_CONFIG' => 'serverName=dock-debug-server',
    'PHP_LDFLAGS' => '-Wl,-O1 -Wl,--hash-style=both -pie',
    'PHP_CFLAGS' => '-fstack-protector-strong -fpic -fpie -O2',
    'PH
2019/04/20 18:53:16 [error] 6#6: *1593 FastCGI sent in stderr: "',
    'PATH' => '/usr/local/sbin:/usr/local/bin:/usr/sbin:/usr/bin:/sbin:/bin',
    'PHPIZE_DEPS' => 'autoconf 		dpkg-dev dpkg 		file 		g++ 		gcc 		libc-dev 		make 		pkgconf 		re2c',
    'PWD' => '/var/www/html/web/swapsy',
    'PHP_SHA256' => '6bb03e79a183d0cb059a6d117bbb2e0679cab667fb713a13c6a16f56bebab9b3',
    'USER' => 'www-data',
    'HTTP_COOKIE' => '_backendUser=87f897494f6fd3aef367e267ada0b0c642d37b4b83b3c8bf8620e46143ff9a84a%3A2%3A%7Bi%3A0%3Bs%3A12%3A%22_backendUser%22%3Bi%3A1%3Bs%3A46%3A%22%5B3%2C%22RWOuA6DzqYil-PCt4d4e2FyoB42VnjQ6%22%2C2592000%5D%22%3B%7D; is_read_credit_about=aa329a0fa98af365c1c13571d29e92849e7d69499df168e9ffd252270258456fa%3A2%3A%7Bi%3A0%3Bs%3A20%3A%22is_read_credit_about%22%3Bi%3A1%3Bb%3A1%3B%7D; XDEBUG_SESSION=XDEBUG_ECLIPSE; locale=51a67f2c1f1f61b9a3b9e4a672d54f0e5bd6d78007dfc35944e01e94f5e50c14a%3A2%3A%7Bi%3A0%3Bs%3A6%3A%22locale%22%3Bi%3A1%3Bs%3A5%3A%22en-US%22%3B%7D; USYNOBACKSESSID=5c9f0976778a07336ba05e5f9939d453; _backendCSRF=321667070cb9bfa17cd7561728b496b8347878cec28e19e106eaa1903a073c87a%3A2%3A%7Bi%3A0%3Bs%3A12%3A%22_backendCSRF%22%3Bi%3A1%3Bs%3A32%3A%22psRN11wKNRtJAu4qpXb-yRMgFkclF2Oh%22%3B%7D; SessionSwapsyFrontend=216e32273d3419d8d1456363e9fc141d; _frontendCSRF=525ef244538471aa1e3b95f79da5ad6e816a593016c56b82e8993c4a48ebd124a%3A2%3A%7Bi%3A0%3Bs%3A13%3A%22_frontendCSRF%22%3Bi%3A1%3Bs%3A32%3A%22tsiDhnX8yU2DLHLbT2TI8lNI_GcW7rL9%22%3B%7D',
    'HTTP_ACCEPT_LANGUAGE' => 'en-US,en;q=0.9,zh-CN;q=0.8,zh;q=0.7,mt;q=0.6,cy;q=0.5,la;q=0.4,de;q=0.3',
    'HTTP_ACCEPT_ENCODING' => 'gzip, deflate, br',
    'HTTP_ACCEPT' => 'text/html,application/xhtml+xml,application/xml;q=0.9,image/webp,image/apng,*/*;q=0.8,application/signed-exchange;v=b3',
    'HTTP_USER_AGENT' => 'Mozilla/5.0 (Macintosh; Intel Mac OS X 10_14_5) AppleWebKit/537.36 (KHTML, like Gecko) Chrome/73.0.3683.103 Safari/537.36',
    'HTTP_UPGRADE_INSECURE_REQUESTS' => '1',
    'HTTP_CONNECTION' => 'keep-alive',
    'HTTP_HOST' => 'localhost:4444',
    'RED
2019/04/20 18:53:46 [error] 6#6: *1593 FastCGI sent in stderr: "PHP message: An Error occurred while handling another error:
yii\web\HeadersAlreadySentException: Headers already sent in /var/www/html/web/swapsy/frontend/controllers/TestController.php on line 40. in /var/www/html/web/swapsy/vendor/yiisoft/yii2/web/Response.php:366
Stack trace:
#0 /var/www/html/web/swapsy/vendor/yiisoft/yii2/web/Response.php(339): yii\web\Response->sendHeaders()
#1 /var/www/html/web/swapsy/vendor/yiisoft/yii2/web/ErrorHandler.php(135): yii\web\Response->send()
#2 /var/www/html/web/swapsy/vendor/yiisoft/yii2/base/ErrorHandler.php(111): yii\web\ErrorHandler->renderException(Object(yii\web\HeadersAlreadySentException))
#3 [internal function]: yii\base\ErrorHandler->handleException(Object(yii\web\HeadersAlreadySentException))
#4 {main}
Previous exception:
yii\web\HeadersAlreadySentException: Headers already sent in /var/www/html/web/swapsy/frontend/controllers/TestController.php on line 40. in /var/www/html/web/swapsy/vendor/yiisoft/yii2/web/Response.php:366
Stack trace:
#0 /var/www/html/web/swapsy/vendor/yiisoft/yii2/web/Response.php(339): yii\web\Response->sendHeaders()
#1 /var/www/html/web/swapsy/vendor/yiisoft/yii2/base/Application.php(392): yii\web\Response->send()
#2 /var/www/html/web/swapsy/frontend/web/index.php(17): yii\base\Application->run()
#3 {main}
$_SERVER = [
    'PHP_EXTRA_CONFIGURE_ARGS' => '--enable-fpm --with-fpm-user=www-data --with-fpm-group=www-data --disable-cgi',
    'PHP_EXTENSION_XDEBUG' => '1',
    'HOSTNAME' => 'f4551ea24c30',
    'PHP_INI_DIR' => '/usr/local/etc/php',
    'XDEBUG_VERSION' => '2.7.0',
    'SHLVL' => '1',
    'HOME' => '/home/www-data',
    'XDEBUG_CONFIG' => 'remote_enable=1 remote_host=192.168.0.3 remote_port=9001 remote_connect_back=0 remote_autostart=1 var_display_max_data=1024 var_display_max_depth=5',
    'PHP_IDE_CONFIG' => 'serverName=dock-debug-server',
    'PHP_LDFLAGS' => '-Wl,-O1 -Wl,--hash-style=both -pie',
    'PHP_CFLAGS' => '-fstack-protector-strong -fpic -fpie -O2',
    'PH
2019/04/20 18:53:46 [error] 6#6: *1593 FastCGI sent in stderr: "',
    'PATH' => '/usr/local/sbin:/usr/local/bin:/usr/sbin:/usr/bin:/sbin:/bin',
    'PHPIZE_DEPS' => 'autoconf 		dpkg-dev dpkg 		file 		g++ 		gcc 		libc-dev 		make 		pkgconf 		re2c',
    'PWD' => '/var/www/html/web/swapsy',
    'PHP_SHA256' => '6bb03e79a183d0cb059a6d117bbb2e0679cab667fb713a13c6a16f56bebab9b3',
    'USER' => 'www-data',
    'HTTP_COOKIE' => '_backendUser=87f897494f6fd3aef367e267ada0b0c642d37b4b83b3c8bf8620e46143ff9a84a%3A2%3A%7Bi%3A0%3Bs%3A12%3A%22_backendUser%22%3Bi%3A1%3Bs%3A46%3A%22%5B3%2C%22RWOuA6DzqYil-PCt4d4e2FyoB42VnjQ6%22%2C2592000%5D%22%3B%7D; is_read_credit_about=aa329a0fa98af365c1c13571d29e92849e7d69499df168e9ffd252270258456fa%3A2%3A%7Bi%3A0%3Bs%3A20%3A%22is_read_credit_about%22%3Bi%3A1%3Bb%3A1%3B%7D; XDEBUG_SESSION=XDEBUG_ECLIPSE; locale=51a67f2c1f1f61b9a3b9e4a672d54f0e5bd6d78007dfc35944e01e94f5e50c14a%3A2%3A%7Bi%3A0%3Bs%3A6%3A%22locale%22%3Bi%3A1%3Bs%3A5%3A%22en-US%22%3B%7D; USYNOBACKSESSID=5c9f0976778a07336ba05e5f9939d453; _backendCSRF=321667070cb9bfa17cd7561728b496b8347878cec28e19e106eaa1903a073c87a%3A2%3A%7Bi%3A0%3Bs%3A12%3A%22_backendCSRF%22%3Bi%3A1%3Bs%3A32%3A%22psRN11wKNRtJAu4qpXb-yRMgFkclF2Oh%22%3B%7D; SessionSwapsyFrontend=216e32273d3419d8d1456363e9fc141d; _frontendCSRF=525ef244538471aa1e3b95f79da5ad6e816a593016c56b82e8993c4a48ebd124a%3A2%3A%7Bi%3A0%3Bs%3A13%3A%22_frontendCSRF%22%3Bi%3A1%3Bs%3A32%3A%22tsiDhnX8yU2DLHLbT2TI8lNI_GcW7rL9%22%3B%7D',
    'HTTP_ACCEPT_LANGUAGE' => 'en-US,en;q=0.9,zh-CN;q=0.8,zh;q=0.7,mt;q=0.6,cy;q=0.5,la;q=0.4,de;q=0.3',
    'HTTP_ACCEPT_ENCODING' => 'gzip, deflate, br',
    'HTTP_ACCEPT' => 'text/html,application/xhtml+xml,application/xml;q=0.9,image/webp,image/apng,*/*;q=0.8,application/signed-exchange;v=b3',
    'HTTP_USER_AGENT' => 'Mozilla/5.0 (Macintosh; Intel Mac OS X 10_14_5) AppleWebKit/537.36 (KHTML, like Gecko) Chrome/73.0.3683.103 Safari/537.36',
    'HTTP_UPGRADE_INSECURE_REQUESTS' => '1',
    'HTTP_CACHE_CONTROL' => 'max-age=0',
    'HTTP_CONNECTION' => 'keep-alive',
    
2019/04/20 18:53:48 [error] 6#6: *1593 FastCGI sent in stderr: "PHP message: An Error occurred while handling another error:
yii\web\HeadersAlreadySentException: Headers already sent in /var/www/html/web/swapsy/frontend/controllers/TestController.php on line 40. in /var/www/html/web/swapsy/vendor/yiisoft/yii2/web/Response.php:366
Stack trace:
#0 /var/www/html/web/swapsy/vendor/yiisoft/yii2/web/Response.php(339): yii\web\Response->sendHeaders()
#1 /var/www/html/web/swapsy/vendor/yiisoft/yii2/web/ErrorHandler.php(135): yii\web\Response->send()
#2 /var/www/html/web/swapsy/vendor/yiisoft/yii2/base/ErrorHandler.php(111): yii\web\ErrorHandler->renderException(Object(yii\web\HeadersAlreadySentException))
#3 [internal function]: yii\base\ErrorHandler->handleException(Object(yii\web\HeadersAlreadySentException))
#4 {main}
Previous exception:
yii\web\HeadersAlreadySentException: Headers already sent in /var/www/html/web/swapsy/frontend/controllers/TestController.php on line 40. in /var/www/html/web/swapsy/vendor/yiisoft/yii2/web/Response.php:366
Stack trace:
#0 /var/www/html/web/swapsy/vendor/yiisoft/yii2/web/Response.php(339): yii\web\Response->sendHeaders()
#1 /var/www/html/web/swapsy/vendor/yiisoft/yii2/base/Application.php(392): yii\web\Response->send()
#2 /var/www/html/web/swapsy/frontend/web/index.php(17): yii\base\Application->run()
#3 {main}
$_SERVER = [
    'PHP_EXTRA_CONFIGURE_ARGS' => '--enable-fpm --with-fpm-user=www-data --with-fpm-group=www-data --disable-cgi',
    'PHP_EXTENSION_XDEBUG' => '1',
    'HOSTNAME' => 'f4551ea24c30',
    'PHP_INI_DIR' => '/usr/local/etc/php',
    'XDEBUG_VERSION' => '2.7.0',
    'SHLVL' => '1',
    'HOME' => '/home/www-data',
    'XDEBUG_CONFIG' => 'remote_enable=1 remote_host=192.168.0.3 remote_port=9001 remote_connect_back=0 remote_autostart=1 var_display_max_data=1024 var_display_max_depth=5',
    'PHP_IDE_CONFIG' => 'serverName=dock-debug-server',
    'PHP_LDFLAGS' => '-Wl,-O1 -Wl,--hash-style=both -pie',
    'PHP_CFLAGS' => '-fstack-protector-strong -fpic -fpie -O2',
    'PH
2019/04/20 18:53:48 [error] 6#6: *1593 FastCGI sent in stderr: "',
    'PATH' => '/usr/local/sbin:/usr/local/bin:/usr/sbin:/usr/bin:/sbin:/bin',
    'PHPIZE_DEPS' => 'autoconf 		dpkg-dev dpkg 		file 		g++ 		gcc 		libc-dev 		make 		pkgconf 		re2c',
    'PWD' => '/var/www/html/web/swapsy',
    'PHP_SHA256' => '6bb03e79a183d0cb059a6d117bbb2e0679cab667fb713a13c6a16f56bebab9b3',
    'USER' => 'www-data',
    'HTTP_COOKIE' => '_backendUser=87f897494f6fd3aef367e267ada0b0c642d37b4b83b3c8bf8620e46143ff9a84a%3A2%3A%7Bi%3A0%3Bs%3A12%3A%22_backendUser%22%3Bi%3A1%3Bs%3A46%3A%22%5B3%2C%22RWOuA6DzqYil-PCt4d4e2FyoB42VnjQ6%22%2C2592000%5D%22%3B%7D; is_read_credit_about=aa329a0fa98af365c1c13571d29e92849e7d69499df168e9ffd252270258456fa%3A2%3A%7Bi%3A0%3Bs%3A20%3A%22is_read_credit_about%22%3Bi%3A1%3Bb%3A1%3B%7D; XDEBUG_SESSION=XDEBUG_ECLIPSE; locale=51a67f2c1f1f61b9a3b9e4a672d54f0e5bd6d78007dfc35944e01e94f5e50c14a%3A2%3A%7Bi%3A0%3Bs%3A6%3A%22locale%22%3Bi%3A1%3Bs%3A5%3A%22en-US%22%3B%7D; USYNOBACKSESSID=5c9f0976778a07336ba05e5f9939d453; _backendCSRF=321667070cb9bfa17cd7561728b496b8347878cec28e19e106eaa1903a073c87a%3A2%3A%7Bi%3A0%3Bs%3A12%3A%22_backendCSRF%22%3Bi%3A1%3Bs%3A32%3A%22psRN11wKNRtJAu4qpXb-yRMgFkclF2Oh%22%3B%7D; SessionSwapsyFrontend=216e32273d3419d8d1456363e9fc141d; _frontendCSRF=525ef244538471aa1e3b95f79da5ad6e816a593016c56b82e8993c4a48ebd124a%3A2%3A%7Bi%3A0%3Bs%3A13%3A%22_frontendCSRF%22%3Bi%3A1%3Bs%3A32%3A%22tsiDhnX8yU2DLHLbT2TI8lNI_GcW7rL9%22%3B%7D',
    'HTTP_ACCEPT_LANGUAGE' => 'en-US,en;q=0.9,zh-CN;q=0.8,zh;q=0.7,mt;q=0.6,cy;q=0.5,la;q=0.4,de;q=0.3',
    'HTTP_ACCEPT_ENCODING' => 'gzip, deflate, br',
    'HTTP_ACCEPT' => 'text/html,application/xhtml+xml,application/xml;q=0.9,image/webp,image/apng,*/*;q=0.8,application/signed-exchange;v=b3',
    'HTTP_USER_AGENT' => 'Mozilla/5.0 (Macintosh; Intel Mac OS X 10_14_5) AppleWebKit/537.36 (KHTML, like Gecko) Chrome/73.0.3683.103 Safari/537.36',
    'HTTP_UPGRADE_INSECURE_REQUESTS' => '1',
    'HTTP_CACHE_CONTROL' => 'max-age=0',
    'HTTP_CONNECTION' => 'keep-alive',
    
2019/04/20 18:54:28 [error] 6#6: *1593 FastCGI sent in stderr: "PHP message: An Error occurred while handling another error:
yii\web\HeadersAlreadySentException: Headers already sent in /var/www/html/web/swapsy/frontend/controllers/TestController.php on line 40. in /var/www/html/web/swapsy/vendor/yiisoft/yii2/web/Response.php:366
Stack trace:
#0 /var/www/html/web/swapsy/vendor/yiisoft/yii2/web/Response.php(339): yii\web\Response->sendHeaders()
#1 /var/www/html/web/swapsy/vendor/yiisoft/yii2/web/ErrorHandler.php(135): yii\web\Response->send()
#2 /var/www/html/web/swapsy/vendor/yiisoft/yii2/base/ErrorHandler.php(111): yii\web\ErrorHandler->renderException(Object(yii\web\HeadersAlreadySentException))
#3 [internal function]: yii\base\ErrorHandler->handleException(Object(yii\web\HeadersAlreadySentException))
#4 {main}
Previous exception:
yii\web\HeadersAlreadySentException: Headers already sent in /var/www/html/web/swapsy/frontend/controllers/TestController.php on line 40. in /var/www/html/web/swapsy/vendor/yiisoft/yii2/web/Response.php:366
Stack trace:
#0 /var/www/html/web/swapsy/vendor/yiisoft/yii2/web/Response.php(339): yii\web\Response->sendHeaders()
#1 /var/www/html/web/swapsy/vendor/yiisoft/yii2/base/Application.php(392): yii\web\Response->send()
#2 /var/www/html/web/swapsy/frontend/web/index.php(17): yii\base\Application->run()
#3 {main}
$_SERVER = [
    'PHP_EXTRA_CONFIGURE_ARGS' => '--enable-fpm --with-fpm-user=www-data --with-fpm-group=www-data --disable-cgi',
    'PHP_EXTENSION_XDEBUG' => '1',
    'HOSTNAME' => 'f4551ea24c30',
    'PHP_INI_DIR' => '/usr/local/etc/php',
    'XDEBUG_VERSION' => '2.7.0',
    'SHLVL' => '1',
    'HOME' => '/home/www-data',
    'XDEBUG_CONFIG' => 'remote_enable=1 remote_host=192.168.0.3 remote_port=9001 remote_connect_back=0 remote_autostart=1 var_display_max_data=1024 var_display_max_depth=5',
    'PHP_IDE_CONFIG' => 'serverName=dock-debug-server',
    'PHP_LDFLAGS' => '-Wl,-O1 -Wl,--hash-style=both -pie',
    'PHP_CFLAGS' => '-fstack-protector-strong -fpic -fpie -O2',
    'PH
2019/04/20 18:54:28 [error] 6#6: *1593 FastCGI sent in stderr: "et/get/php-7.3.3.tar.xz/from/this/mirror',
    'PATH' => '/usr/local/sbin:/usr/local/bin:/usr/sbin:/usr/bin:/sbin:/bin',
    'PHPIZE_DEPS' => 'autoconf 		dpkg-dev dpkg 		file 		g++ 		gcc 		libc-dev 		make 		pkgconf 		re2c',
    'PWD' => '/var/www/html/web/swapsy',
    'PHP_SHA256' => '6bb03e79a183d0cb059a6d117bbb2e0679cab667fb713a13c6a16f56bebab9b3',
    'USER' => 'www-data',
    'HTTP_COOKIE' => '_backendUser=87f897494f6fd3aef367e267ada0b0c642d37b4b83b3c8bf8620e46143ff9a84a%3A2%3A%7Bi%3A0%3Bs%3A12%3A%22_backendUser%22%3Bi%3A1%3Bs%3A46%3A%22%5B3%2C%22RWOuA6DzqYil-PCt4d4e2FyoB42VnjQ6%22%2C2592000%5D%22%3B%7D; is_read_credit_about=aa329a0fa98af365c1c13571d29e92849e7d69499df168e9ffd252270258456fa%3A2%3A%7Bi%3A0%3Bs%3A20%3A%22is_read_credit_about%22%3Bi%3A1%3Bb%3A1%3B%7D; XDEBUG_SESSION=XDEBUG_ECLIPSE; locale=51a67f2c1f1f61b9a3b9e4a672d54f0e5bd6d78007dfc35944e01e94f5e50c14a%3A2%3A%7Bi%3A0%3Bs%3A6%3A%22locale%22%3Bi%3A1%3Bs%3A5%3A%22en-US%22%3B%7D; USYNOBACKSESSID=5c9f0976778a07336ba05e5f9939d453; _backendCSRF=321667070cb9bfa17cd7561728b496b8347878cec28e19e106eaa1903a073c87a%3A2%3A%7Bi%3A0%3Bs%3A12%3A%22_backendCSRF%22%3Bi%3A1%3Bs%3A32%3A%22psRN11wKNRtJAu4qpXb-yRMgFkclF2Oh%22%3B%7D; SessionSwapsyFrontend=216e32273d3419d8d1456363e9fc141d; _frontendCSRF=525ef244538471aa1e3b95f79da5ad6e816a593016c56b82e8993c4a48ebd124a%3A2%3A%7Bi%3A0%3Bs%3A13%3A%22_frontendCSRF%22%3Bi%3A1%3Bs%3A32%3A%22tsiDhnX8yU2DLHLbT2TI8lNI_GcW7rL9%22%3B%7D',
    'HTTP_ACCEPT_LANGUAGE' => 'en-US,en;q=0.9,zh-CN;q=0.8,zh;q=0.7,mt;q=0.6,cy;q=0.5,la;q=0.4,de;q=0.3',
    'HTTP_ACCEPT_ENCODING' => 'gzip, deflate, br',
    'HTTP_ACCEPT' => 'text/html,application/xhtml+xml,application/xml;q=0.9,image/webp,image/apng,*/*;q=0.8,application/signed-exchange;v=b3',
    'HTTP_USER_AGENT' => 'Mozilla/5.0 (Macintosh; Intel Mac OS X 10_14_5) AppleWebKit/537.36 (KHTML, like Gecko) Chrome/73.0.3683.103 Safari/537.36',
    'HTTP_UPGRADE_INSECURE_REQUESTS' => '1',
    'HTTP_CACHE_CONTROL' => 'max-age=0',
   
2019/04/20 19:30:14 [error] 6#6: *1692 upstream timed out (110: Operation timed out) while reading response header from upstream, client: 172.20.0.1, server: frontend.dev, request: "GET /test/index HTTP/1.1", upstream: "fastcgi://172.20.0.3:9000", host: "localhost:4444"
2019/04/21 19:20:30 [error] 6#6: *1959 upstream timed out (110: Operation timed out) while reading response header from upstream, client: 172.20.0.1, server: frontend.dev, request: "POST /nmi-pay/checkout HTTP/1.1", upstream: "fastcgi://172.20.0.3:9000", host: "localhost:4444", referrer: "http://localhost:4444/credit"
2019/04/21 19:25:51 [error] 6#6: *1964 upstream timed out (110: Operation timed out) while reading response header from upstream, client: 172.20.0.1, server: frontend.dev, request: "POST /nmi-pay/checkout HTTP/1.1", upstream: "fastcgi://172.20.0.3:9000", host: "localhost:4444", referrer: "http://localhost:4444/credit"
2019/04/21 19:57:42 [error] 6#6: *2031 upstream timed out (110: Operation timed out) while reading response header from upstream, client: 172.20.0.1, server: frontend.dev, request: "POST /nmi-pay/checkout HTTP/1.1", upstream: "fastcgi://172.20.0.3:9000", host: "localhost:4444", referrer: "http://localhost:4444/credit"
2019/04/21 20:04:07 [error] 6#6: *2050 upstream timed out (110: Operation timed out) while reading response header from upstream, client: 172.20.0.1, server: frontend.dev, request: "POST /nmi-pay/checkout HTTP/1.1", upstream: "fastcgi://172.20.0.3:9000", host: "localhost:4444", referrer: "http://localhost:4444/credit"
